TN:
SF:/Users/nelsonpereira/Documents/GitHub/Auditing/Fuzzing/Recon_Fuzzing/Morpho/morpho-blue/src/Morpho.sol
FNF:0
FNH:0
DA:38,2952
DA:49,0
DA:56,0
DA:58,3
DA:60,6
DA:64,0
DA:66,0
DA:68,1
DA:70,0
DA:76,2
DA:78,10
DA:81,3
DA:88,23
DA:96,8
DA:100,4
DA:105,3
DA:107,1
DA:109,4
DA:114,5
DA:115,6
DA:119,2
DA:125,6
DA:126,0
DA:127,1
DA:130,3
DA:133,1
DA:135,1
DA:140,9
DA:144,4
DA:152,8
DA:153,8
DA:154,13
DA:157,3
DA:158,1
DA:160,2
DA:163,58
DA:177,6
DA:178,0
DA:179,0
DA:181,0
DA:183,0
DA:184,0
DA:186,0
DA:187,0
DA:188,0
DA:190,0
DA:192,0
DA:194,0
DA:208,10
DA:209,4
DA:210,2
DA:212,6
DA:214,6
DA:216,15
DA:217,5
DA:219,3
DA:220,0
DA:221,0
DA:223,2
DA:225,0
DA:227,2
DA:243,8
DA:244,4
DA:245,7
DA:247,6
DA:249,6
DA:251,19
DA:252,7
DA:254,15
DA:255,12
DA:256,14
DA:258,11
DA:259,0
DA:261,0
DA:263,0
DA:277,8
DA:278,2
DA:279,2
DA:281,6
DA:283,15
DA:284,7
DA:286,10
DA:287,0
DA:288,0
DA:291,0
DA:293,0
DA:295,0
DA:307,6
DA:308,0
DA:309,0
DA:313,0
DA:315,0
DA:317,0
DA:319,0
DA:327,6
DA:328,0
DA:329,5
DA:331,1
DA:333,0
DA:335,0
DA:337,2
DA:339,0
DA:341,1
DA:355,7
DA:356,4
DA:358,6
DA:361,40
DA:363,10
DA:368,0
DA:371,0
DA:374,0
DA:375,0
DA:378,0
DA:382,0
DA:384,0
DA:385,0
DA:386,0
DA:388,0
DA:390,0
DA:391,0
DA:392,0
DA:393,0
DA:395,0
DA:396,0
DA:399,0
DA:400,0
DA:401,0
DA:402,0
DA:406,0
DA:407,0
DA:410,0
DA:412,0
DA:414,0
DA:423,7
DA:425,10
DA:427,5
DA:429,26
DA:431,1
DA:438,16
DA:440,2
DA:442,3
DA:448,8
DA:449,12
DA:451,8
DA:452,3
DA:453,16
DA:455,15
DA:457,0
DA:459,0
DA:461,1
DA:467,3
DA:468,9
DA:476,6
DA:478,1
DA:483,5
DA:484,13
DA:485,15
DA:487,20
DA:488,52
DA:489,3
DA:490,11
DA:491,9
DA:493,1
DA:494,5
DA:499,0
DA:500,0
DA:501,0
DA:504,2
DA:508,1
DA:515,7
DA:516,6
DA:518,49
DA:520,10
DA:527,6
DA:532,9
DA:533,2
DA:535,1
DA:536,2
DA:538,2
DA:549,13
DA:550,10
DA:552,9
LF:182
LH:114
end_of_record
